<?xml version="1.0" encoding="UTF-8"?>
<testng-results ignored="0" total="1" passed="1" failed="0" skipped="0">
  <reporter-output>
  </reporter-output>
  <suite started-at="2023-05-09T15:07:40 IST" name="Default suite" finished-at="2023-05-09T15:09:18 IST" duration-ms="98251">
    <groups>
    </groups>
    <test started-at="2023-05-09T15:07:40 IST" name="Default test" finished-at="2023-05-09T15:09:18 IST" duration-ms="98251">
      <class name="Tests.SiteAutomate">
        <test-method signature="ST1()[pri:0, instance:Tests.SiteAutomate@4efc180e]" started-at="2023-05-09T15:07:40 IST" name="ST1" finished-at="2023-05-09T15:09:18 IST" duration-ms="98161" status="PASS">
          <reporter-output>
          </reporter-output>
        </test-method> <!-- ST1 -->
      </class> <!-- Tests.SiteAutomate -->
    </test> <!-- Default test -->
  </suite> <!-- Default suite -->
</testng-results>
